2023.06.14 10:00:00.424 INFO  View.Log4J - Maze generating server connected via port 5400.
2023.06.14 10:00:00.427 INFO  View.Log4J - Maze solving server connected via port 5401.
2023.06.14 10:00:02.306 INFO  View.Log4J - Program terminated by user
2023.06.14 10:18:26.172 INFO  View.Log4J - Maze generating server connected via port 5400.
2023.06.14 10:18:26.175 INFO  View.Log4J - Maze solving server connected via port 5401.
2023.06.14 10:18:29.755 INFO  View.Log4J - Created a new 5x5 maze.
2023.06.14 10:18:41.718 INFO  View.Log4J - Program terminated by user
2023.06.14 11:20:43.237 INFO  View.Log4J - Maze generating server connected via port 5400.
2023.06.14 11:20:43.241 INFO  View.Log4J - Maze solving server connected via port 5401.
2023.06.14 11:20:47.451 INFO  View.Log4J - Created a new 5x5 maze.
2023.06.14 11:20:53.943 INFO  View.Log4J - Program terminated by user
2023.06.14 11:21:52.914 INFO  View.Log4J - Maze generating server connected via port 5400.
2023.06.14 11:21:52.917 INFO  View.Log4J - Maze solving server connected via port 5401.
2023.06.14 11:21:56.064 INFO  View.Log4J - Created a new 5x5 maze.
2023.06.14 11:21:56.182 WARN  View.Log4J - Unable to load image.
2023.06.14 11:22:02.263 INFO  View.Log4J - Program terminated by user
2023.06.14 11:24:57.128 INFO  View.Log4J - Maze generating server connected via port 5400.
2023.06.14 11:24:57.133 INFO  View.Log4J - Maze solving server connected via port 5401.
2023.06.14 11:25:00.489 INFO  View.Log4J - Created a new 5x5 maze.
2023.06.14 11:25:13.588 INFO  View.Log4J - Program terminated by user
2023.06.14 11:37:00.391 INFO  View.Log4J - Maze generating server connected via port 5400.
2023.06.14 11:37:00.395 INFO  View.Log4J - Maze solving server connected via port 5401.
2023.06.14 11:37:04.140 INFO  View.Log4J - Created a new 5x5 maze.
2023.06.14 11:37:24.265 INFO  View.Log4J - Program terminated by user
2023.06.14 11:40:43.889 INFO  View.Log4J - Maze generating server connected via port 5400.
2023.06.14 11:40:43.892 INFO  View.Log4J - Maze solving server connected via port 5401.
2023.06.14 11:40:46.864 INFO  View.Log4J - Created a new 5x5 maze.
2023.06.14 11:41:01.024 INFO  View.Log4J - Program terminated by user
2023.06.14 11:41:46.659 INFO  View.Log4J - Maze generating server connected via port 5400.
2023.06.14 11:41:46.663 INFO  View.Log4J - Maze solving server connected via port 5401.
2023.06.14 11:41:50.406 INFO  View.Log4J - Created a new 20x20 maze.
2023.06.14 11:42:00.046 INFO  View.Log4J - Created a new 10x10 maze.
2023.06.14 11:42:13.084 INFO  View.Log4J - Program terminated by user
2023.06.14 11:42:18.444 INFO  View.Log4J - Maze generating server connected via port 5400.
2023.06.14 11:42:18.448 INFO  View.Log4J - Maze solving server connected via port 5401.
2023.06.14 11:42:28.898 INFO  View.Log4J - Created a new 5x5 maze.
2023.06.14 11:42:32.507 INFO  View.Log4J - User solved maze. Highscore: 2.
2023.06.14 11:42:37.479 INFO  View.Log4J - Program terminated by user
2023.06.14 11:43:22.182 INFO  View.Log4J - Maze generating server connected via port 5400.
2023.06.14 11:43:22.189 INFO  View.Log4J - Maze solving server connected via port 5401.
2023.06.14 11:43:23.484 INFO  View.Log4J - Program terminated by user
2023.06.14 11:48:13.722 INFO  View.Log4J - Maze generating server connected via port 5400.
2023.06.14 11:48:13.725 INFO  View.Log4J - Maze solving server connected via port 5401.
2023.06.14 11:48:16.422 INFO  View.Log4J - Program terminated by user
2023.06.14 11:48:33.453 INFO  View.Log4J - Maze generating server connected via port 5400.
2023.06.14 11:48:33.456 INFO  View.Log4J - Maze solving server connected via port 5401.
2023.06.14 11:48:35.009 INFO  View.Log4J - Program terminated by user
2023.06.14 11:48:47.034 INFO  View.Log4J - Maze generating server connected via port 5400.
2023.06.14 11:48:47.039 INFO  View.Log4J - Maze solving server connected via port 5401.
2023.06.14 11:49:18.804 INFO  View.Log4J - Program terminated by user
2023.06.14 11:58:33.531 INFO  View.Log4J - Maze generating server connected via port 5400.
2023.06.14 11:58:33.534 INFO  View.Log4J - Maze solving server connected via port 5401.
2023.06.14 11:58:45.442 INFO  View.Log4J - Program terminated by user
2023.06.14 12:06:05.223 INFO  View.Log4J - Maze generating server connected via port 5400.
2023.06.14 12:06:05.226 INFO  View.Log4J - Maze solving server connected via port 5401.
2023.06.14 12:11:51.976 INFO  View.Log4J - Program terminated by user
2023.06.14 12:11:58.150 INFO  View.Log4J - Maze generating server connected via port 5400.
2023.06.14 12:11:58.156 INFO  View.Log4J - Maze solving server connected via port 5401.
2023.06.14 12:12:06.444 INFO  View.Log4J - Created a new 5x5 maze.
2023.06.14 12:12:11.141 INFO  View.Log4J - User solved maze. Highscore: 1.
2023.06.14 12:12:17.811 INFO  View.Log4J - Program terminated by user
2023.06.14 12:15:46.365 INFO  View.Log4J - Maze generating server connected via port 5400.
2023.06.14 12:15:46.369 INFO  View.Log4J - Maze solving server connected via port 5401.
2023.06.14 12:16:26.740 INFO  View.Log4J - SimpleMazeGenerator selected.
2023.06.14 12:16:44.638 INFO  View.Log4J - Program terminated by user
2023.06.15 11:39:42.966 INFO  View.Log4J - Maze generating server connected via port 5400.
2023.06.15 11:39:42.970 INFO  View.Log4J - Maze solving server connected via port 5401.
2023.06.15 11:39:49.698 INFO  View.Log4J - Created a new 5x5 maze.
2023.06.15 11:40:00.971 INFO  View.Log4J - User solved maze. Highscore: 13.
2023.06.15 11:40:08.306 INFO  View.Log4J - Program terminated by user
2023.06.15 11:48:21.611 INFO  View.Log4J - Maze generating server connected via port 5400.
2023.06.15 11:48:21.614 INFO  View.Log4J - Maze solving server connected via port 5401.
2023.06.15 11:48:25.250 INFO  View.Log4J - Created a new 5x5 maze.
2023.06.15 11:48:36.103 INFO  View.Log4J - User solved maze. Highscore: 18.
2023.06.15 11:48:56.361 INFO  View.Log4J - Created a new 5x5 maze.
2023.06.15 11:49:24.925 INFO  View.Log4J - Program terminated by user
2023.06.15 11:49:53.277 INFO  View.Log4J - Maze generating server connected via port 5400.
2023.06.15 11:49:53.279 INFO  View.Log4J - Maze solving server connected via port 5401.
2023.06.15 11:49:57.564 INFO  View.Log4J - Created a new 5x5 maze.
2023.06.15 11:50:07.113 INFO  View.Log4J - User solved maze. Highscore: 8.
2023.06.15 11:50:18.062 INFO  View.Log4J - Program terminated by user
2023.06.15 11:51:28.735 INFO  View.Log4J - Maze generating server connected via port 5400.
2023.06.15 11:51:28.738 INFO  View.Log4J - Maze solving server connected via port 5401.
2023.06.15 11:51:56.474 INFO  View.Log4J - Maze generating server connected via port 5400.
2023.06.15 11:51:56.478 INFO  View.Log4J - Maze solving server connected via port 5401.
2023.06.15 11:57:08.252 INFO  View.Log4J - Maze generating server connected via port 5400.
2023.06.15 11:57:08.255 INFO  View.Log4J - Maze solving server connected via port 5401.
2023.06.15 11:57:17.837 INFO  View.Log4J - Threadpool size changed.
2023.06.15 11:57:19.145 INFO  View.Log4J - Threadpool size changed.
2023.06.15 11:57:19.573 INFO  View.Log4J - Threadpool size changed.
2023.06.15 11:57:21.012 INFO  View.Log4J - SimpleMazeGenerator selected.
2023.06.15 11:57:21.885 INFO  View.Log4J - Threadpool size changed.
2023.06.15 11:57:25.644 INFO  View.Log4J - Threadpool size changed.
2023.06.15 11:57:26.196 INFO  View.Log4J - Threadpool size changed.
2023.06.15 11:57:26.504 INFO  View.Log4J - Threadpool size changed.
2023.06.15 11:57:27.800 INFO  View.Log4J - DepthFirstSearch selected.
2023.06.15 11:57:28.637 INFO  View.Log4J - Threadpool size changed.
2023.06.15 11:57:28.810 INFO  View.Log4J - Threadpool size changed.
2023.06.15 11:57:28.983 INFO  View.Log4J - Threadpool size changed.
2023.06.15 11:57:29.701 INFO  View.Log4J - BestFirstSearch selected.
2023.06.15 11:57:30.085 INFO  View.Log4J - Threadpool size changed.
2023.06.15 11:57:30.459 INFO  View.Log4J - Threadpool size changed.
2023.06.15 11:57:30.643 INFO  View.Log4J - Threadpool size changed.
2023.06.15 11:57:31.695 INFO  View.Log4J - Threadpool size changed.
2023.06.15 11:57:34.457 INFO  View.Log4J - Threadpool size changed.
2023.06.15 11:57:40.238 INFO  View.Log4J - Created a new 10x10 maze.
2023.06.15 11:57:43.875 INFO  View.Log4J - Threadpool size changed.
2023.06.15 11:57:47.143 INFO  View.Log4J - BreadthFirstSearch selected.
2023.06.15 11:57:47.655 INFO  View.Log4J - Threadpool size changed.
2023.06.15 11:57:48.175 INFO  View.Log4J - Threadpool size changed.
2023.06.15 11:57:49.561 INFO  View.Log4J - SimpleMazeGenerator selected.
2023.06.15 11:57:50.411 INFO  View.Log4J - Threadpool size changed.
2023.06.15 11:57:50.841 INFO  View.Log4J - Threadpool size changed.
2023.06.15 11:57:51.006 INFO  View.Log4J - Threadpool size changed.
2023.06.15 11:57:51.173 INFO  View.Log4J - Threadpool size changed.
2023.06.15 11:57:52.566 INFO  View.Log4J - Threadpool size changed.
2023.06.15 11:57:52.751 INFO  View.Log4J - Threadpool size changed.
2023.06.15 11:57:53.245 INFO  View.Log4J - BestFirstSearch selected.
2023.06.15 11:57:53.959 INFO  View.Log4J - DepthFirstSearch selected.
2023.06.15 11:57:54.689 INFO  View.Log4J - Threadpool size changed.
2023.06.15 11:57:54.982 INFO  View.Log4J - Threadpool size changed.
2023.06.15 11:57:55.573 INFO  View.Log4J - BestFirstSearch selected.
2023.06.15 11:57:55.926 INFO  View.Log4J - Threadpool size changed.
2023.06.15 11:58:08.412 INFO  View.Log4J - User solved maze. Highscore: 29.
2023.06.15 11:58:14.378 INFO  View.Log4J - Program terminated by user
2023.06.16 09:52:20.598 INFO  View.Log4J - Maze generating server connected via port 5400.
2023.06.16 09:52:20.603 INFO  View.Log4J - Maze solving server connected via port 5401.
2023.06.16 09:52:29.185 INFO  View.Log4J - Created a new 5x5 maze.
2023.06.16 09:52:37.015 INFO  View.Log4J - Program terminated by user
2023.06.16 12:46:11.267 INFO  View.Log4J - Maze generating server connected via port 5400.
2023.06.16 12:46:11.277 INFO  View.Log4J - Maze solving server connected via port 5401.
2023.06.16 12:46:54.922 INFO  View.Log4J - Created a new 10x10 maze.
2023.06.16 12:47:05.486 INFO  View.Log4J - User solved maze. Highscore: 11.
2023.06.16 12:47:13.485 INFO  View.Log4J - Program terminated by user
2023.06.16 17:19:42.893 INFO  View.Log4J - Maze generating server connected via port 5400.
2023.06.16 17:19:42.900 INFO  View.Log4J - Maze solving server connected via port 5401.
2023.06.16 17:19:51.302 INFO  View.Log4J - Created a new 7x8 maze.
2023.06.16 17:20:09.654 INFO  View.Log4J - User solved maze. Highscore: 37.
2023.06.16 17:20:30.433 INFO  View.Log4J - Created a new 8x5 maze.
2023.06.16 17:20:45.314 INFO  View.Log4J - Threadpool size changed.
2023.06.16 17:20:52.737 INFO  View.Log4J - Threadpool size changed.
2023.06.16 17:21:09.290 INFO  View.Log4J - Program terminated by user
2023.06.16 17:21:17.276 INFO  View.Log4J - Maze generating server connected via port 5400.
2023.06.16 17:21:17.281 INFO  View.Log4J - Maze solving server connected via port 5401.
2023.06.16 17:21:27.233 INFO  View.Log4J - BestFirstSearch selected.
2023.06.16 17:21:35.299 INFO  View.Log4J - SimpleMazeGenerator selected.
2023.06.16 17:21:43.069 INFO  View.Log4J - Threadpool size changed.
2023.06.16 17:21:50.903 INFO  View.Log4J - Created a new 10x10 maze.
2023.06.16 17:22:01.935 INFO  View.Log4J - User requested solution.
2023.06.16 17:22:33.979 INFO  View.Log4J - User requested solution.
2023.06.16 17:22:36.209 INFO  View.Log4J - User solved maze. Highscore: 3.
2023.06.16 17:22:47.323 INFO  View.Log4J - Program terminated by user
2023.06.16 17:22:54.894 INFO  View.Log4J - Maze generating server connected via port 5400.
2023.06.16 17:22:54.898 INFO  View.Log4J - Maze solving server connected via port 5401.
2023.06.16 17:23:16.751 INFO  View.Log4J - Created a new 20x20 maze.
2023.06.16 17:23:22.565 INFO  View.Log4J - BestFirstSearch selected.
2023.06.16 17:23:29.681 INFO  View.Log4J - Threadpool size changed.
2023.06.16 17:23:33.021 INFO  View.Log4J - User requested solution.
2023.06.16 17:24:06.235 INFO  View.Log4J - User requested solution.
2023.06.16 17:24:11.447 INFO  View.Log4J - User solved maze. Highscore: 4.
2023.06.16 17:24:20.085 INFO  View.Log4J - Created a new 10x10 maze.
2023.06.16 17:24:30.933 INFO  View.Log4J - Threadpool size changed.
2023.06.16 17:24:34.440 INFO  View.Log4J - User requested solution.
2023.06.16 17:24:58.317 INFO  View.Log4J - Created a new 10x10 maze.
2023.06.16 17:25:19.854 INFO  View.Log4J - User requested solution.
2023.06.16 17:25:30.286 INFO  View.Log4J - User solved maze. Highscore: 9.
2023.06.16 17:25:55.362 INFO  View.Log4J - Program terminated by user
2023.06.16 17:29:50.592 INFO  View.Log4J - Maze generating server connected via port 5400.
2023.06.16 17:29:50.599 INFO  View.Log4J - Maze solving server connected via port 5401.
2023.06.16 17:29:55.312 INFO  View.Log4J - DepthFirstSearch selected.
2023.06.16 17:29:57.118 INFO  View.Log4J - SimpleMazeGenerator selected.
2023.06.16 17:30:00.884 INFO  View.Log4J - Threadpool size changed.
2023.06.16 17:30:07.348 INFO  View.Log4J - Created a new 10x10 maze.
2023.06.16 17:30:11.000 INFO  View.Log4J - User requested solution.
2023.06.16 17:30:56.781 INFO  View.Log4J - Program terminated by user
2023.06.16 17:42:03.543 INFO  View.Log4J - Maze generating server connected via port 5400.
2023.06.16 17:42:03.556 INFO  View.Log4J - Maze solving server connected via port 5401.
2023.06.16 17:42:16.411 INFO  View.Log4J - DepthFirstSearch selected.
2023.06.16 17:42:19.382 INFO  View.Log4J - SimpleMazeGenerator selected.
2023.06.16 17:42:22.586 INFO  View.Log4J - Threadpool size changed.
2023.06.16 17:43:00.244 INFO  View.Log4J - Maze generating server connected via port 5400.
2023.06.16 17:43:00.251 INFO  View.Log4J - Maze solving server connected via port 5401.
2023.06.16 17:43:05.339 INFO  View.Log4J - Created a new 10x10 maze.
2023.06.16 17:43:07.394 INFO  View.Log4J - User requested solution.
2023.06.16 17:43:14.173 INFO  View.Log4J - Program terminated by user
2023.06.16 18:29:28.464 INFO  View.Log4J - Maze generating server connected via port 5400.
2023.06.16 18:29:28.470 INFO  View.Log4J - Maze solving server connected via port 5401.
2023.06.16 18:29:35.338 INFO  View.Log4J - Created a new 10x10 maze.
2023.06.16 18:29:35.562 WARN  View.Log4J - Unable to load image.
2023.06.16 18:30:02.517 INFO  View.Log4J - User requested solution.
2023.06.16 18:30:02.549 WARN  View.Log4J - Unable to load image.
2023.06.16 18:30:14.703 INFO  View.Log4J - Program terminated by user
2023.06.16 18:30:46.545 INFO  View.Log4J - Maze generating server connected via port 5400.
2023.06.16 18:30:46.549 INFO  View.Log4J - Maze solving server connected via port 5401.
2023.06.16 18:30:51.510 INFO  View.Log4J - Created a new 10x10 maze.
2023.06.16 18:31:04.316 INFO  View.Log4J - User requested solution.
2023.06.16 18:31:06.602 INFO  View.Log4J - Program terminated by user
2023.06.17 12:29:44.282 INFO  View.Log4J - Maze generating server connected via port 5400.
2023.06.17 12:29:44.289 INFO  View.Log4J - Maze solving server connected via port 5401.
2023.06.17 12:30:05.675 INFO  View.Log4J - Created a new 50x50 maze.
2023.06.17 12:30:31.953 INFO  View.Log4J - User requested solution.
2023.06.17 12:30:43.040 INFO  View.Log4J - BestFirstSearch selected.
2023.06.17 12:30:48.847 INFO  View.Log4J - Threadpool size changed.
2023.06.17 12:30:52.107 INFO  View.Log4J - User requested solution.
2023.06.17 12:30:57.794 INFO  View.Log4J - Program terminated by user
2023.06.17 12:31:04.283 INFO  View.Log4J - Maze generating server connected via port 5400.
2023.06.17 12:31:04.286 INFO  View.Log4J - Maze solving server connected via port 5401.
2023.06.17 12:31:12.971 INFO  View.Log4J - Created a new 50x50 maze.
2023.06.17 12:31:25.260 INFO  View.Log4J - BestFirstSearch selected.
2023.06.17 12:31:30.700 INFO  View.Log4J - Threadpool size changed.
2023.06.17 12:31:35.655 INFO  View.Log4J - User requested solution.
2023.06.17 12:31:47.391 INFO  View.Log4J - User requested solution.
2023.06.17 12:31:57.670 INFO  View.Log4J - User requested solution.
2023.06.17 12:32:03.605 INFO  View.Log4J - User requested solution.
2023.06.17 12:32:17.464 INFO  View.Log4J - Program terminated by user
2023.06.17 12:32:24.001 INFO  View.Log4J - Maze generating server connected via port 5400.
2023.06.17 12:32:24.006 INFO  View.Log4J - Maze solving server connected via port 5401.
2023.06.17 12:32:31.651 INFO  View.Log4J - Created a new 20x20 maze.
2023.06.17 12:32:34.788 INFO  View.Log4J - User requested solution.
2023.06.17 12:32:45.371 INFO  View.Log4J - Program terminated by user
2023.06.17 12:56:06.752 INFO  View.Log4J - Maze generating server connected via port 5400.
2023.06.17 12:56:06.757 INFO  View.Log4J - Maze solving server connected via port 5401.
2023.06.17 12:56:13.077 INFO  View.Log4J - Created a new 20x20 maze.
2023.06.17 12:56:18.517 INFO  View.Log4J - User requested solution.
2023.06.17 12:56:22.636 INFO  View.Log4J - Program terminated by user
2023.06.17 12:56:29.282 INFO  View.Log4J - Maze generating server connected via port 5400.
2023.06.17 12:56:29.287 INFO  View.Log4J - Maze solving server connected via port 5401.
2023.06.17 12:56:33.545 INFO  View.Log4J - Created a new 10x10 maze.
2023.06.17 12:56:39.670 INFO  View.Log4J - Created a new 10x10 maze.
2023.06.17 12:56:42.298 INFO  View.Log4J - User requested solution.
2023.06.17 12:56:49.075 INFO  View.Log4J - Created a new 20x20 maze.
2023.06.17 12:56:52.049 INFO  View.Log4J - User requested solution.
2023.06.17 12:57:01.597 INFO  View.Log4J - Created a new 20x20 maze.
2023.06.17 12:57:04.660 INFO  View.Log4J - BestFirstSearch selected.
2023.06.17 12:57:06.500 INFO  View.Log4J - SimpleMazeGenerator selected.
2023.06.17 12:57:09.109 INFO  View.Log4J - Threadpool size changed.
2023.06.17 12:57:11.560 INFO  View.Log4J - User requested solution.
2023.06.17 12:57:14.078 INFO  View.Log4J - Program terminated by user
2023.06.17 13:12:35.301 INFO  View.Log4J - Maze generating server connected via port 5400.
2023.06.17 13:12:35.305 INFO  View.Log4J - Maze solving server connected via port 5401.
2023.06.17 13:12:43.414 INFO  View.Log4J - Created a new 20x20 maze.
2023.06.17 13:12:50.604 INFO  View.Log4J - User requested solution.
2023.06.17 13:12:56.933 INFO  View.Log4J - Created a new 10x10 maze.
2023.06.17 13:12:59.353 INFO  View.Log4J - User requested solution.
2023.06.17 13:13:03.438 INFO  View.Log4J - Created a new 10x10 maze.
2023.06.17 13:13:05.460 INFO  View.Log4J - User requested solution.
2023.06.17 13:13:09.315 INFO  View.Log4J - Created a new 20x20 maze.
2023.06.17 13:13:10.763 INFO  View.Log4J - User requested solution.
2023.06.17 13:13:18.722 INFO  View.Log4J - Program terminated by user
2023.06.17 13:14:01.254 INFO  View.Log4J - Maze generating server connected via port 5400.
2023.06.17 13:14:01.258 INFO  View.Log4J - Maze solving server connected via port 5401.
2023.06.17 13:14:05.211 INFO  View.Log4J - Created a new 20x20 maze.
2023.06.17 13:14:07.092 INFO  View.Log4J - User requested solution.
2023.06.17 13:14:14.779 INFO  View.Log4J - Program terminated by user
2023.06.17 13:47:00.076 INFO  View.Log4J - Maze generating server connected via port 5400.
2023.06.17 13:47:00.082 INFO  View.Log4J - Maze solving server connected via port 5401.
2023.06.17 13:47:47.817 INFO  View.Log4J - Maze generating server connected via port 5400.
2023.06.17 13:47:47.820 INFO  View.Log4J - Maze solving server connected via port 5401.
2023.06.17 13:47:50.949 INFO  View.Log4J - Created a new 20x20 maze.
2023.06.17 13:47:53.630 INFO  View.Log4J - User requested solution.
2023.06.17 13:47:56.642 INFO  View.Log4J - Program terminated by user
2023.06.17 16:41:22.695 INFO  View.Log4J - Maze generating server connected via port 5400.
2023.06.17 16:41:22.702 INFO  View.Log4J - Maze solving server connected via port 5401.
2023.06.17 16:41:25.852 INFO  View.Log4J - Created a new 20x20 maze.
2023.06.17 16:41:28.765 INFO  View.Log4J - User requested solution.
2023.06.17 16:41:36.416 INFO  View.Log4J - Program terminated by user
2023.06.20 12:02:26.316 INFO  View.Log4J - Maze generating server connected via port 5400.
2023.06.20 12:02:26.323 INFO  View.Log4J - Maze solving server connected via port 5401.
2023.06.20 12:02:31.215 INFO  View.Log4J - Created a new 5x5 maze.
2023.06.20 12:02:44.800 INFO  View.Log4J - User solved maze. Highscore: 11.
2023.06.20 12:03:02.399 INFO  View.Log4J - Created a new 5x5 maze.
2023.06.20 12:03:08.469 INFO  View.Log4J - User solved maze. Highscore: 3.
2023.06.20 12:03:32.876 INFO  View.Log4J - Program terminated by user
2023.06.20 12:03:54.410 INFO  View.Log4J - Maze generating server connected via port 5400.
2023.06.20 12:03:54.415 INFO  View.Log4J - Maze solving server connected via port 5401.
2023.06.20 12:03:58.544 INFO  View.Log4J - Created a new 10x10 maze.
2023.06.20 12:04:01.232 INFO  View.Log4J - User requested solution.
2023.06.20 12:04:04.629 INFO  View.Log4J - User solved maze. Highscore: 5.
2023.06.20 12:04:20.675 INFO  View.Log4J - User saved a maze to file "maze"
2023.06.20 12:04:32.184 INFO  View.Log4J - User loaded maze "maze"
2023.06.20 12:04:41.654 INFO  View.Log4J - Created a new 5x5 maze.
2023.06.20 12:04:56.338 INFO  View.Log4J - User saved a maze to file "maze"
2023.06.20 12:05:05.084 INFO  View.Log4J - User loaded maze "maze"
2023.06.20 12:05:21.867 INFO  View.Log4J - Program terminated by user
2023.06.20 12:05:59.394 INFO  View.Log4J - Maze generating server connected via port 5400.
2023.06.20 12:05:59.399 INFO  View.Log4J - Maze solving server connected via port 5401.
2023.06.20 12:06:05.400 INFO  View.Log4J - Created a new 10x10 maze.
2023.06.20 12:06:10.693 INFO  View.Log4J - User requested solution.
2023.06.20 12:06:20.241 INFO  View.Log4J - User solved maze. Highscore: 37.
2023.06.20 12:06:32.320 INFO  View.Log4J - User saved a maze to file "123"
2023.06.20 12:06:41.507 INFO  View.Log4J - Program terminated by user
2023.06.20 12:06:49.999 INFO  View.Log4J - Maze generating server connected via port 5400.
2023.06.20 12:06:50.005 INFO  View.Log4J - Maze solving server connected via port 5401.
2023.06.20 12:06:57.575 INFO  View.Log4J - User loaded maze "123"
2023.06.20 12:07:16.430 INFO  View.Log4J - Created a new 5x5 maze.
2023.06.20 12:07:25.290 INFO  View.Log4J - User saved a maze to file "12"
2023.06.20 12:07:55.477 INFO  View.Log4J - Program terminated by user
2023.06.20 12:08:05.941 INFO  View.Log4J - Maze generating server connected via port 5400.
2023.06.20 12:08:05.945 INFO  View.Log4J - Maze solving server connected via port 5401.
2023.06.20 12:08:14.577 INFO  View.Log4J - User loaded maze "12"
2023.06.20 12:09:13.440 INFO  View.Log4J - Program terminated by user
2023.06.20 12:23:12.867 INFO  View.Log4J - Maze generating server connected via port 5400.
2023.06.20 12:23:12.872 INFO  View.Log4J - Maze solving server connected via port 5401.
2023.06.20 12:23:19.396 INFO  View.Log4J - Created a new 10x10 maze.
2023.06.20 12:23:28.098 INFO  View.Log4J - User saved a maze to file "45"
2023.06.20 12:23:31.345 INFO  View.Log4J - Created a new 5x5 maze.
2023.06.20 12:23:39.897 INFO  View.Log4J - User loaded maze "45"
2023.06.20 12:24:03.277 INFO  View.Log4J - Program terminated by user
2023.06.20 12:51:52.363 INFO  View.Log4J - Maze generating server connected via port 5400.
2023.06.20 12:51:52.368 INFO  View.Log4J - Maze solving server connected via port 5401.
2023.06.20 12:51:56.020 INFO  View.Log4J - Created a new 5x5 maze.
2023.06.20 12:52:06.008 INFO  View.Log4J - User saved a maze to file "1234"
2023.06.20 12:52:13.463 INFO  View.Log4J - User loaded maze "1234"
2023.06.20 12:52:15.402 INFO  View.Log4J - Program terminated by user
2023.06.20 12:57:43.359 INFO  View.Log4J - Maze generating server connected via port 5400.
2023.06.20 12:57:43.364 INFO  View.Log4J - Maze solving server connected via port 5401.
2023.06.20 12:57:46.652 INFO  View.Log4J - Created a new 10x10 maze.
2023.06.20 12:57:47.798 DEBUG View.Log4J - Zoom level changed.
2023.06.20 12:57:48.169 DEBUG View.Log4J - Zoom level changed.
2023.06.20 12:57:48.312 DEBUG View.Log4J - Zoom level changed.
2023.06.20 12:57:48.426 DEBUG View.Log4J - Zoom level changed.
2023.06.20 12:57:48.704 DEBUG View.Log4J - Zoom level changed.
2023.06.20 12:57:48.928 DEBUG View.Log4J - Zoom level changed.
2023.06.20 12:57:48.960 DEBUG View.Log4J - Zoom level changed.
2023.06.20 12:57:48.976 DEBUG View.Log4J - Zoom level changed.
2023.06.20 12:57:49.009 DEBUG View.Log4J - Zoom level changed.
2023.06.20 12:57:49.024 DEBUG View.Log4J - Zoom level changed.
2023.06.20 12:57:49.040 DEBUG View.Log4J - Zoom level changed.
2023.06.20 12:57:49.104 DEBUG View.Log4J - Zoom level changed.
2023.06.20 12:57:49.135 DEBUG View.Log4J - Zoom level changed.
2023.06.20 12:57:49.928 DEBUG View.Log4J - Zoom level changed.
2023.06.20 12:57:50.024 DEBUG View.Log4J - Zoom level changed.
2023.06.20 12:57:50.321 DEBUG View.Log4J - Zoom level changed.
2023.06.20 12:57:50.368 DEBUG View.Log4J - Zoom level changed.
2023.06.20 12:57:50.434 DEBUG View.Log4J - Zoom level changed.
2023.06.20 12:57:50.512 DEBUG View.Log4J - Zoom level changed.
2023.06.20 12:57:50.724 DEBUG View.Log4J - Zoom level changed.
2023.06.20 12:57:51.173 DEBUG View.Log4J - Zoom level changed.
2023.06.20 12:57:51.452 DEBUG View.Log4J - Zoom level changed.
2023.06.20 12:57:51.712 DEBUG View.Log4J - Zoom level changed.
2023.06.20 12:57:51.869 DEBUG View.Log4J - Zoom level changed.
2023.06.20 12:57:53.850 DEBUG View.Log4J - Zoom level changed.
2023.06.20 12:57:54.008 DEBUG View.Log4J - Zoom level changed.
2023.06.20 12:57:54.040 DEBUG View.Log4J - Zoom level changed.
2023.06.20 12:57:54.104 DEBUG View.Log4J - Zoom level changed.
2023.06.20 12:57:59.307 INFO  View.Log4J - Program terminated by user
2023.06.20 12:58:20.484 INFO  View.Log4J - Maze generating server connected via port 5400.
2023.06.20 12:58:20.488 INFO  View.Log4J - Maze solving server connected via port 5401.
2023.06.20 12:58:23.075 INFO  View.Log4J - Created a new 10x10 maze.
2023.06.20 12:58:28.955 INFO  View.Log4J - Program terminated by user
2023.06.20 12:59:36.022 INFO  View.Log4J - Maze generating server connected via port 5400.
2023.06.20 12:59:36.026 INFO  View.Log4J - Maze solving server connected via port 5401.
2023.06.20 13:00:05.397 INFO  View.Log4J - Program terminated by user
2023.06.20 13:01:35.540 INFO  View.Log4J - Maze generating server connected via port 5400.
2023.06.20 13:01:35.545 INFO  View.Log4J - Maze solving server connected via port 5401.
2023.06.20 13:01:39.539 INFO  View.Log4J - User requested solution.
2023.06.20 13:02:47.391 INFO  View.Log4J - Maze generating server connected via port 5400.
2023.06.20 13:02:47.397 INFO  View.Log4J - Maze solving server connected via port 5401.
2023.06.20 13:02:59.106 INFO  View.Log4J - Created a new 50x50 maze.
2023.06.20 13:03:14.837 INFO  View.Log4J - User saved a maze to file "6"
2023.06.20 13:03:19.904 INFO  View.Log4J - Created a new 5x5 maze.
2023.06.20 13:03:26.456 INFO  View.Log4J - User loaded maze "6"
2023.06.20 13:03:42.817 INFO  View.Log4J - Program terminated by user
2023.06.20 13:03:58.177 INFO  View.Log4J - Maze generating server connected via port 5400.
2023.06.20 13:03:58.181 INFO  View.Log4J - Maze solving server connected via port 5401.
2023.06.20 13:04:12.035 INFO  View.Log4J - Program terminated by user
2023.06.20 13:04:55.141 INFO  View.Log4J - Maze generating server connected via port 5400.
2023.06.20 13:04:55.146 INFO  View.Log4J - Maze solving server connected via port 5401.
2023.06.20 13:05:10.525 INFO  View.Log4J - Created a new 10x10 maze.
2023.06.20 13:05:14.037 INFO  View.Log4J - Program terminated by user
2023.06.20 13:06:03.338 INFO  View.Log4J - Maze generating server connected via port 5400.
2023.06.20 13:06:03.343 INFO  View.Log4J - Maze solving server connected via port 5401.
2023.06.20 13:06:09.851 INFO  View.Log4J - User loaded maze "6"
2023.06.20 13:06:21.781 INFO  View.Log4J - Program terminated by user
2023.06.20 13:07:10.394 INFO  View.Log4J - Maze generating server connected via port 5400.
2023.06.20 13:07:10.397 INFO  View.Log4J - Maze solving server connected via port 5401.
2023.06.20 13:07:21.067 INFO  View.Log4J - User loaded maze "12"
2023.06.20 13:07:32.428 ERROR View.Log4J - MyModel failed to load file.
java.io.FileNotFoundException: 89 (The system cannot find the file specified)
	at java.io.FileInputStream.open0(Native Method) ~[?:?]
	at java.io.FileInputStream.open(FileInputStream.java:216) ~[?:?]
	at java.io.FileInputStream.<init>(FileInputStream.java:157) ~[?:?]
	at java.io.FileInputStream.<init>(FileInputStream.java:111) ~[?:?]
	at Model.MyModel.load(MyModel.java:53) ~[classes/:?]
	at ViewModel.MyViewModel.load(MyViewModel.java:53) ~[classes/:?]
	at View.MyViewController.loadButton(MyViewController.java:190) ~[classes/:?]
	at jdk.internal.reflect.DirectMethodHandleAccessor.invoke(DirectMethodHandleAccessor.java:104) ~[?:?]
	at java.lang.reflect.Method.invoke(Method.java:577) ~[?:?]
	at com.sun.javafx.reflect.Trampoline.invoke(MethodUtil.java:72) ~[javafx.base.jar:?]
	at jdk.internal.reflect.DirectMethodHandleAccessor.invoke(DirectMethodHandleAccessor.java:104) ~[?:?]
	at java.lang.reflect.Method.invoke(Method.java:577) ~[?:?]
	at com.sun.javafx.reflect.MethodUtil.invoke(MethodUtil.java:270) ~[javafx.base.jar:?]
	at com.sun.javafx.fxml.MethodHelper.invoke(MethodHelper.java:84) ~[javafx.fxml.jar:?]
	at javafx.fxml.FXMLLoader$MethodHandler.invoke(FXMLLoader.java:1853) ~[javafx.fxml.jar:?]
	at javafx.fxml.FXMLLoader$ControllerMethodEventHandler.handle(FXMLLoader.java:1726) ~[javafx.fxml.jar:?]
	at com.sun.javafx.event.CompositeEventHandler.dispatchBubblingEvent(CompositeEventHandler.java:86) ~[javafx.base.jar:?]
	at com.sun.javafx.event.EventHandlerManager.dispatchBubblingEvent(EventHandlerManager.java:232) ~[javafx.base.jar:?]
	at com.sun.javafx.event.EventHandlerManager.dispatchBubblingEvent(EventHandlerManager.java:189) ~[javafx.base.jar:?]
	at com.sun.javafx.event.BasicEventDispatcher.dispatchEvent(BasicEventDispatcher.java:58) ~[javafx.base.jar:?]
	at com.sun.javafx.event.EventDispatchChainImpl.dispatchEvent(EventDispatchChainImpl.java:114) ~[javafx.base.jar:?]
	at com.sun.javafx.event.EventUtil.fireEventImpl(EventUtil.java:74) ~[javafx.base.jar:?]
	at com.sun.javafx.event.EventUtil.fireEvent(EventUtil.java:49) ~[javafx.base.jar:?]
	at javafx.event.Event.fireEvent(Event.java:198) ~[javafx.base.jar:?]
	at javafx.scene.control.MenuItem.fire(MenuItem.java:459) ~[javafx.controls.jar:?]
	at com.sun.javafx.scene.control.ContextMenuContent$MenuItemContainer.doSelect(ContextMenuContent.java:1385) ~[javafx.controls.jar:?]
	at com.sun.javafx.scene.control.ContextMenuContent$MenuItemContainer.lambda$createChildren$12(ContextMenuContent.java:1338) ~[javafx.controls.jar:?]
	at com.sun.javafx.event.CompositeEventHandler$NormalEventHandlerRecord.handleBubblingEvent(CompositeEventHandler.java:247) ~[javafx.base.jar:?]
	at com.sun.javafx.event.CompositeEventHandler.dispatchBubblingEvent(CompositeEventHandler.java:80) ~[javafx.base.jar:?]
	at com.sun.javafx.event.EventHandlerManager.dispatchBubblingEvent(EventHandlerManager.java:232) ~[javafx.base.jar:?]
	at com.sun.javafx.event.EventHandlerManager.dispatchBubblingEvent(EventHandlerManager.java:189) ~[javafx.base.jar:?]
	at com.sun.javafx.event.CompositeEventDispatcher.dispatchBubblingEvent(CompositeEventDispatcher.java:59) ~[javafx.base.jar:?]
	at com.sun.javafx.event.BasicEventDispatcher.dispatchEvent(BasicEventDispatcher.java:58) ~[javafx.base.jar:?]
	at com.sun.javafx.event.EventDispatchChainImpl.dispatchEvent(EventDispatchChainImpl.java:114) ~[javafx.base.jar:?]
	at com.sun.javafx.event.BasicEventDispatcher.dispatchEvent(BasicEventDispatcher.java:56) ~[javafx.base.jar:?]
	at com.sun.javafx.event.EventDispatchChainImpl.dispatchEvent(EventDispatchChainImpl.java:114) ~[javafx.base.jar:?]
	at com.sun.javafx.event.BasicEventDispatcher.dispatchEvent(BasicEventDispatcher.java:56) ~[javafx.base.jar:?]
	at com.sun.javafx.event.EventDispatchChainImpl.dispatchEvent(EventDispatchChainImpl.java:114) ~[javafx.base.jar:?]
	at com.sun.javafx.event.BasicEventDispatcher.dispatchEvent(BasicEventDispatcher.java:56) ~[javafx.base.jar:?]
	at com.sun.javafx.event.EventDispatchChainImpl.dispatchEvent(EventDispatchChainImpl.java:114) ~[javafx.base.jar:?]
	at com.sun.javafx.event.EventUtil.fireEventImpl(EventUtil.java:74) ~[javafx.base.jar:?]
	at com.sun.javafx.event.EventUtil.fireEvent(EventUtil.java:54) ~[javafx.base.jar:?]
	at javafx.event.Event.fireEvent(Event.java:198) ~[javafx.base.jar:?]
	at javafx.scene.Scene$MouseHandler.process(Scene.java:3980) ~[javafx.graphics.jar:?]
	at javafx.scene.Scene.processMouseEvent(Scene.java:1890) ~[javafx.graphics.jar:?]
	at javafx.scene.Scene$ScenePeerListener.mouseEvent(Scene.java:2704) ~[javafx.graphics.jar:?]
	at com.sun.javafx.tk.quantum.GlassViewEventHandler$MouseEventNotification.run(GlassViewEventHandler.java:411) ~[javafx.graphics.jar:?]
	at com.sun.javafx.tk.quantum.GlassViewEventHandler$MouseEventNotification.run(GlassViewEventHandler.java:301) ~[javafx.graphics.jar:?]
	at java.security.AccessController.doPrivileged(AccessController.java:399) ~[?:?]
	at com.sun.javafx.tk.quantum.GlassViewEventHandler.lambda$handleMouseEvent$2(GlassViewEventHandler.java:450) ~[javafx.graphics.jar:?]
	at com.sun.javafx.tk.quantum.QuantumToolkit.runWithoutRenderLock(QuantumToolkit.java:424) ~[javafx.graphics.jar:?]
	at com.sun.javafx.tk.quantum.GlassViewEventHandler.handleMouseEvent(GlassViewEventHandler.java:449) ~[javafx.graphics.jar:?]
	at com.sun.glass.ui.View.handleMouseEvent(View.java:551) ~[javafx.graphics.jar:?]
	at com.sun.glass.ui.View.notifyMouse(View.java:937) ~[javafx.graphics.jar:?]
	at com.sun.glass.ui.win.WinApplication._runLoop(Native Method) ~[javafx.graphics.jar:?]
	at com.sun.glass.ui.win.WinApplication.lambda$runLoop$3(WinApplication.java:185) ~[javafx.graphics.jar:?]
	at java.lang.Thread.run(Thread.java:833) [?:?]
2023.06.20 13:07:36.844 WARN  View.Log4J - User failed to load a maze.
2023.06.20 13:07:38.587 INFO  View.Log4J - Program terminated by user
2023.06.20 13:08:14.036 INFO  View.Log4J - Maze generating server connected via port 5400.
2023.06.20 13:08:14.042 INFO  View.Log4J - Maze solving server connected via port 5401.
2023.06.20 13:08:23.875 INFO  View.Log4J - User loaded maze "6"
2023.06.20 13:08:30.156 INFO  View.Log4J - Created a new 20x20 maze.
2023.06.20 13:08:43.655 INFO  View.Log4J - User saved a maze to file "78"
2023.06.20 13:08:47.562 INFO  View.Log4J - Program terminated by user
2023.06.20 13:08:55.031 INFO  View.Log4J - Maze generating server connected via port 5400.
2023.06.20 13:08:55.035 INFO  View.Log4J - Maze solving server connected via port 5401.
2023.06.20 13:09:02.263 INFO  View.Log4J - User loaded maze "78"
2023.06.20 13:09:10.062 INFO  View.Log4J - Program terminated by user
2023.06.20 13:12:29.450 INFO  View.Log4J - Maze generating server connected via port 5400.
2023.06.20 13:12:29.454 INFO  View.Log4J - Maze solving server connected via port 5401.
2023.06.20 13:12:40.850 INFO  View.Log4J - Program terminated by user
2023.06.20 13:19:34.188 INFO  View.Log4J - Maze generating server connected via port 5400.
2023.06.20 13:19:34.192 INFO  View.Log4J - Maze solving server connected via port 5401.
2023.06.20 13:20:17.917 INFO  View.Log4J - Created a new 20x20 maze.
2023.06.20 13:20:27.662 INFO  View.Log4J - User saved a maze to file "123"
2023.06.20 13:20:36.975 INFO  View.Log4J - Created a new 10x10 maze.
2023.06.20 13:20:44.191 INFO  View.Log4J - User loaded maze "123"
2023.06.20 13:20:47.410 INFO  View.Log4J - Program terminated by user
2023.06.20 13:26:09.042 INFO  View.Log4J - Maze generating server connected via port 5400.
2023.06.20 13:26:09.047 INFO  View.Log4J - Maze solving server connected via port 5401.
2023.06.20 13:26:19.540 INFO  View.Log4J - Program terminated by user
2023.06.20 13:27:14.502 INFO  View.Log4J - Maze generating server connected via port 5400.
2023.06.20 13:27:14.510 INFO  View.Log4J - Maze solving server connected via port 5401.
2023.06.20 13:27:28.859 INFO  View.Log4J - Program terminated by user
2023.06.20 13:27:53.028 INFO  View.Log4J - Maze generating server connected via port 5400.
2023.06.20 13:27:53.032 INFO  View.Log4J - Maze solving server connected via port 5401.
2023.06.20 13:28:16.825 INFO  View.Log4J - Program terminated by user
2023.06.20 13:28:36.594 INFO  View.Log4J - Maze generating server connected via port 5400.
2023.06.20 13:28:36.598 INFO  View.Log4J - Maze solving server connected via port 5401.
2023.06.20 13:28:53.664 INFO  View.Log4J - Program terminated by user
2023.06.20 13:30:43.194 INFO  View.Log4J - Maze generating server connected via port 5400.
2023.06.20 13:30:43.198 INFO  View.Log4J - Maze solving server connected via port 5401.
2023.06.20 13:31:01.882 INFO  View.Log4J - Program terminated by user
2023.06.20 13:33:51.457 INFO  View.Log4J - Maze generating server connected via port 5400.
2023.06.20 13:33:51.461 INFO  View.Log4J - Maze solving server connected via port 5401.
2023.06.20 13:33:59.097 INFO  View.Log4J - Program terminated by user
2023.06.20 13:34:36.583 INFO  View.Log4J - Maze generating server connected via port 5400.
2023.06.20 13:34:36.586 INFO  View.Log4J - Maze solving server connected via port 5401.
2023.06.20 13:34:54.317 INFO  View.Log4J - Program terminated by user
2023.06.20 13:36:10.425 INFO  View.Log4J - Maze generating server connected via port 5400.
2023.06.20 13:36:10.430 INFO  View.Log4J - Maze solving server connected via port 5401.
2023.06.20 13:36:30.162 INFO  View.Log4J - Program terminated by user
2023.06.20 13:36:44.921 INFO  View.Log4J - Maze generating server connected via port 5400.
2023.06.20 13:36:44.925 INFO  View.Log4J - Maze solving server connected via port 5401.
2023.06.20 13:36:53.028 INFO  View.Log4J - Program terminated by user
2023.06.20 13:37:13.362 INFO  View.Log4J - Maze generating server connected via port 5400.
2023.06.20 13:37:13.368 INFO  View.Log4J - Maze solving server connected via port 5401.
2023.06.20 13:37:21.355 INFO  View.Log4J - Program terminated by user
2023.06.20 13:48:33.595 INFO  View.Log4J - Maze generating server connected via port 5400.
2023.06.20 13:48:33.599 INFO  View.Log4J - Maze solving server connected via port 5401.
2023.06.20 13:48:44.434 INFO  View.Log4J - Program terminated by user
2023.06.20 13:53:28.238 INFO  View.Log4J - Maze generating server connected via port 5400.
2023.06.20 13:53:28.243 INFO  View.Log4J - Maze solving server connected via port 5401.
2023.06.20 13:53:36.134 INFO  View.Log4J - Created a new 20x20 maze.
2023.06.20 13:53:39.759 INFO  View.Log4J - User requested solution.
2023.06.20 21:00:47.416 INFO  View.Log4J - Maze generating server connected via port 5400.
2023.06.20 21:00:47.421 INFO  View.Log4J - Maze solving server connected via port 5401.
2023.06.20 21:00:51.769 INFO  View.Log4J - Created a new 20x20 maze.
2023.06.20 21:01:04.645 INFO  View.Log4J - User requested solution.
2023.06.20 21:01:21.763 INFO  View.Log4J - Program terminated by user
2023.06.20 21:02:46.262 INFO  View.Log4J - Maze generating server connected via port 5400.
2023.06.20 21:02:46.266 INFO  View.Log4J - Maze solving server connected via port 5401.
2023.06.20 21:02:49.100 INFO  View.Log4J - Created a new 20x20 maze.
2023.06.20 21:02:53.745 INFO  View.Log4J - Created a new 20x20 maze.
2023.06.20 21:03:04.516 INFO  View.Log4J - User solved maze. High score: 4.
2023.06.20 21:03:39.138 INFO  View.Log4J - Maze generating server connected via port 5400.
2023.06.20 21:03:39.147 INFO  View.Log4J - Maze solving server connected via port 5401.
2023.06.20 21:03:44.066 INFO  View.Log4J - Created a new 20x20 maze.
2023.06.20 21:03:47.925 INFO  View.Log4J - User requested solution.
2023.06.20 21:05:15.128 INFO  View.Log4J - Maze generating server connected via port 5400.
2023.06.20 21:05:15.138 INFO  View.Log4J - Maze solving server connected via port 5401.
2023.06.20 21:05:18.613 INFO  View.Log4J - Created a new 20x20 maze.
2023.06.20 21:05:21.236 INFO  View.Log4J - User requested solution.
2023.06.20 21:05:25.356 INFO  View.Log4J - User solved maze. High score: 3.
2023.06.20 21:05:38.591 INFO  View.Log4J - Created a new 20x20 maze.
2023.06.20 21:05:41.588 INFO  View.Log4J - User requested solution.
2023.06.20 21:06:01.309 INFO  View.Log4J - User solved maze. High score: 13.
2023.06.20 21:06:43.492 INFO  View.Log4J - Program terminated by user
2023.06.20 21:07:21.931 INFO  View.Log4J - Maze generating server connected via port 5400.
2023.06.20 21:07:21.940 INFO  View.Log4J - Maze solving server connected via port 5401.
2023.06.20 21:07:27.933 INFO  View.Log4J - Created a new 20x20 maze.
2023.06.20 21:07:31.364 INFO  View.Log4J - User requested solution.
2023.06.21 16:04:31.578 INFO  View.Log4J - Maze generating server connected via port 5400.
2023.06.21 16:04:31.585 INFO  View.Log4J - Maze solving server connected via port 5401.
2023.06.21 16:04:35.476 INFO  View.Log4J - Created a new 20x20 maze.
2023.06.21 16:04:41.736 INFO  View.Log4J - User requested solution.
2023.06.21 16:04:53.242 INFO  View.Log4J - User solved maze. High score: 6.
2023.06.21 16:04:58.738 INFO  View.Log4J - Program terminated by user
2023.06.21 16:05:59.260 INFO  View.Log4J - Maze generating server connected via port 5400.
2023.06.21 16:05:59.264 INFO  View.Log4J - Maze solving server connected via port 5401.
2023.06.21 16:06:02.942 INFO  View.Log4J - Created a new 20x20 maze.
2023.06.21 16:06:07.545 INFO  View.Log4J - User solved maze. High score: 6.
2023.06.21 16:06:13.096 INFO  View.Log4J - Program terminated by user
2023.06.21 16:06:31.917 INFO  View.Log4J - Maze generating server connected via port 5400.
2023.06.21 16:06:31.935 INFO  View.Log4J - Maze solving server connected via port 5401.
2023.06.21 16:06:36.298 INFO  View.Log4J - Created a new 20x20 maze.
2023.06.21 16:06:44.592 INFO  View.Log4J - User solved maze. High score: 6.
2023.06.21 16:06:55.812 INFO  View.Log4J - Program terminated by user
2023.06.21 16:13:58.610 INFO  View.Log4J - Maze generating server connected via port 5400.
2023.06.21 16:13:58.614 INFO  View.Log4J - Maze solving server connected via port 5401.
2023.06.21 16:14:10.468 INFO  View.Log4J - Created a new 20x20 maze.
2023.06.21 16:14:24.380 DEBUG View.Log4J - Zoom level changed.
2023.06.21 16:14:24.427 DEBUG View.Log4J - Zoom level changed.
2023.06.21 16:14:24.460 DEBUG View.Log4J - Zoom level changed.
2023.06.21 16:14:24.508 DEBUG View.Log4J - Zoom level changed.
2023.06.21 16:14:24.588 DEBUG View.Log4J - Zoom level changed.
2023.06.21 16:14:25.019 DEBUG View.Log4J - Zoom level changed.
2023.06.21 16:14:25.100 DEBUG View.Log4J - Zoom level changed.
2023.06.21 16:14:25.148 DEBUG View.Log4J - Zoom level changed.
2023.06.21 16:14:25.180 DEBUG View.Log4J - Zoom level changed.
2023.06.21 16:14:25.228 DEBUG View.Log4J - Zoom level changed.
2023.06.21 16:14:26.127 DEBUG View.Log4J - Zoom level changed.
2023.06.21 16:14:26.176 DEBUG View.Log4J - Zoom level changed.
2023.06.21 16:14:26.223 DEBUG View.Log4J - Zoom level changed.
2023.06.21 16:14:28.304 DEBUG View.Log4J - Zoom level changed.
2023.06.21 16:14:29.932 DEBUG View.Log4J - Zoom level changed.
2023.06.21 16:14:30.076 DEBUG View.Log4J - Zoom level changed.
2023.06.21 16:14:30.236 DEBUG View.Log4J - Zoom level changed.
2023.06.21 16:14:30.724 DEBUG View.Log4J - Zoom level changed.
2023.06.21 16:14:30.757 DEBUG View.Log4J - Zoom level changed.
2023.06.21 16:14:30.804 DEBUG View.Log4J - Zoom level changed.
2023.06.21 16:14:31.346 DEBUG View.Log4J - Zoom level changed.
2023.06.21 16:14:31.848 DEBUG View.Log4J - Zoom level changed.
2023.06.21 16:14:33.641 DEBUG View.Log4J - Zoom level changed.
2023.06.21 16:14:34.330 DEBUG View.Log4J - Zoom level changed.
2023.06.21 16:14:35.173 DEBUG View.Log4J - Zoom level changed.
2023.06.21 16:14:35.750 DEBUG View.Log4J - Zoom level changed.
2023.06.21 16:14:38.632 DEBUG View.Log4J - Zoom level changed.
2023.06.21 16:14:39.433 DEBUG View.Log4J - Zoom level changed.
2023.06.21 16:14:39.912 DEBUG View.Log4J - Zoom level changed.
2023.06.21 16:14:40.709 DEBUG View.Log4J - Zoom level changed.
2023.06.21 16:14:40.789 DEBUG View.Log4J - Zoom level changed.
2023.06.21 16:14:41.110 DEBUG View.Log4J - Zoom level changed.
2023.06.21 16:14:41.478 DEBUG View.Log4J - Zoom level changed.
2023.06.21 16:14:41.510 DEBUG View.Log4J - Zoom level changed.
2023.06.21 16:14:41.525 DEBUG View.Log4J - Zoom level changed.
2023.06.21 16:14:41.558 DEBUG View.Log4J - Zoom level changed.
2023.06.21 16:14:42.438 DEBUG View.Log4J - Zoom level changed.
2023.06.21 16:14:42.470 DEBUG View.Log4J - Zoom level changed.
2023.06.21 16:14:42.501 DEBUG View.Log4J - Zoom level changed.
2023.06.21 16:14:42.549 DEBUG View.Log4J - Zoom level changed.
2023.06.21 16:14:42.614 DEBUG View.Log4J - Zoom level changed.
2023.06.21 16:14:42.678 DEBUG View.Log4J - Zoom level changed.
2023.06.21 16:14:42.726 DEBUG View.Log4J - Zoom level changed.
2023.06.21 16:14:43.077 DEBUG View.Log4J - Zoom level changed.
2023.06.21 16:14:43.098 DEBUG View.Log4J - Zoom level changed.
2023.06.21 16:14:43.106 DEBUG View.Log4J - Zoom level changed.
2023.06.21 16:14:43.113 DEBUG View.Log4J - Zoom level changed.
2023.06.21 16:14:43.142 DEBUG View.Log4J - Zoom level changed.
2023.06.21 16:14:43.178 DEBUG View.Log4J - Zoom level changed.
2023.06.21 16:14:43.226 DEBUG View.Log4J - Zoom level changed.
2023.06.21 16:14:43.683 DEBUG View.Log4J - Zoom level changed.
2023.06.21 16:14:43.730 DEBUG View.Log4J - Zoom level changed.
2023.06.21 16:14:43.738 DEBUG View.Log4J - Zoom level changed.
2023.06.21 16:14:43.747 DEBUG View.Log4J - Zoom level changed.
2023.06.21 16:14:43.761 DEBUG View.Log4J - Zoom level changed.
2023.06.21 16:14:43.778 DEBUG View.Log4J - Zoom level changed.
2023.06.21 16:14:43.793 DEBUG View.Log4J - Zoom level changed.
2023.06.21 16:14:43.810 DEBUG View.Log4J - Zoom level changed.
2023.06.21 16:14:44.170 DEBUG View.Log4J - Zoom level changed.
2023.06.21 16:14:44.202 DEBUG View.Log4J - Zoom level changed.
2023.06.21 16:14:44.234 DEBUG View.Log4J - Zoom level changed.
2023.06.21 16:14:45.218 DEBUG View.Log4J - Zoom level changed.
2023.06.21 16:14:45.266 DEBUG View.Log4J - Zoom level changed.
2023.06.21 16:14:45.362 DEBUG View.Log4J - Zoom level changed.
2023.06.21 16:14:45.473 DEBUG View.Log4J - Zoom level changed.
2023.06.21 16:14:45.538 DEBUG View.Log4J - Zoom level changed.
2023.06.21 16:14:45.601 DEBUG View.Log4J - Zoom level changed.
2023.06.21 16:14:45.981 DEBUG View.Log4J - Zoom level changed.
2023.06.21 16:14:46.011 DEBUG View.Log4J - Zoom level changed.
2023.06.21 16:14:46.059 DEBUG View.Log4J - Zoom level changed.
2023.06.21 16:14:46.927 DEBUG View.Log4J - Zoom level changed.
2023.06.21 16:14:48.918 DEBUG View.Log4J - Zoom level changed.
2023.06.21 16:14:52.003 DEBUG View.Log4J - Zoom level changed.
2023.06.21 16:14:54.486 DEBUG View.Log4J - Zoom level changed.
2023.06.21 16:14:55.258 DEBUG View.Log4J - Zoom level changed.
2023.06.21 16:14:55.735 DEBUG View.Log4J - Zoom level changed.
2023.06.21 16:14:57.186 DEBUG View.Log4J - Zoom level changed.
2023.06.21 16:14:58.039 DEBUG View.Log4J - Zoom level changed.
2023.06.21 16:14:58.631 DEBUG View.Log4J - Zoom level changed.
2023.06.21 16:14:59.263 DEBUG View.Log4J - Zoom level changed.
2023.06.21 16:15:01.587 INFO  View.Log4J - Program terminated by user
2023.06.21 16:15:32.584 INFO  View.Log4J - Maze generating server connected via port 5400.
2023.06.21 16:15:32.589 INFO  View.Log4J - Maze solving server connected via port 5401.
2023.06.21 16:15:37.054 INFO  View.Log4J - Created a new 20x20 maze.
2023.06.21 16:15:40.873 DEBUG View.Log4J - Zoom level changed.
2023.06.21 16:15:41.581 DEBUG View.Log4J - Zoom level changed.
2023.06.21 16:15:42.144 DEBUG View.Log4J - Zoom level changed.
2023.06.21 16:15:42.726 DEBUG View.Log4J - Zoom level changed.
2023.06.21 16:15:43.005 DEBUG View.Log4J - Zoom level changed.
2023.06.21 16:15:43.718 DEBUG View.Log4J - Zoom level changed.
2023.06.21 16:15:44.045 DEBUG View.Log4J - Zoom level changed.
2023.06.21 16:15:44.502 DEBUG View.Log4J - Zoom level changed.
2023.06.21 16:15:46.345 INFO  View.Log4J - Program terminated by user
2023.06.21 16:20:55.660 INFO  View.Log4J - Maze generating server connected via port 5400.
2023.06.21 16:20:55.664 INFO  View.Log4J - Maze solving server connected via port 5401.
2023.06.21 16:20:58.593 INFO  View.Log4J - Created a new 10x10 maze.
2023.06.21 16:21:34.554 INFO  View.Log4J - User solved maze. High score: 33.
2023.06.21 16:21:42.494 INFO  View.Log4J - Created a new 10x10 maze.
2023.06.21 16:22:02.682 INFO  View.Log4J - User solved maze. High score: 22.
2023.06.21 16:22:10.247 INFO  View.Log4J - Program terminated by user
2023.06.21 16:23:03.388 INFO  View.Log4J - Maze generating server connected via port 5400.
2023.06.21 16:23:03.392 INFO  View.Log4J - Maze solving server connected via port 5401.
2023.06.21 16:23:06.956 INFO  View.Log4J - Created a new 10x10 maze.
2023.06.21 16:23:10.105 INFO  View.Log4J - User solved maze. High score: 2.
2023.06.21 16:23:15.771 INFO  View.Log4J - Created a new 10x10 maze.
2023.06.21 16:23:26.884 INFO  View.Log4J - User solved maze. High score: 10.
2023.06.21 16:23:37.903 INFO  View.Log4J - Program terminated by user
2023.06.21 16:26:59.887 INFO  View.Log4J - Maze generating server connected via port 5400.
2023.06.21 16:26:59.892 INFO  View.Log4J - Maze solving server connected via port 5401.
2023.06.21 16:27:07.720 INFO  View.Log4J - Created a new 50x50 maze.
2023.06.21 16:27:20.549 INFO  View.Log4J - User saved a maze to file "50"
2023.06.21 16:27:37.219 INFO  View.Log4J - User loaded maze "50"
2023.06.21 16:27:46.142 INFO  View.Log4J - Program terminated by user
2023.06.21 16:27:53.084 INFO  View.Log4J - Maze generating server connected via port 5400.
2023.06.21 16:27:53.090 INFO  View.Log4J - Maze solving server connected via port 5401.
2023.06.21 16:28:03.065 INFO  View.Log4J - User loaded maze "50"
2023.06.21 16:28:11.947 INFO  View.Log4J - User requested solution.
2023.06.21 16:28:20.826 INFO  View.Log4J - User solved maze. High score: 21.
2023.06.21 16:28:25.444 INFO  View.Log4J - Program terminated by user
2023.06.21 17:05:01.598 INFO  View.Log4J - Maze generating server connected via port 5400.
2023.06.21 17:05:01.604 INFO  View.Log4J - Maze solving server connected via port 5401.
2023.06.21 17:05:05.772 INFO  View.Log4J - Created a new 10x10 maze.
2023.06.21 17:05:09.450 INFO  View.Log4J - User solved maze. High score: 4.
2023.06.21 17:05:15.344 INFO  View.Log4J - Created a new 10x10 maze.
2023.06.21 17:05:20.125 INFO  View.Log4J - Created a new 10x10 maze.
2023.06.21 17:05:22.857 INFO  View.Log4J - User requested solution.
2023.06.21 17:05:41.932 INFO  View.Log4J - User solved maze. High score: 19.
2023.06.21 17:05:46.632 INFO  View.Log4J - Program terminated by user
2023.06.21 17:06:24.687 INFO  View.Log4J - Maze generating server connected via port 5400.
2023.06.21 17:06:24.692 INFO  View.Log4J - Maze solving server connected via port 5401.
2023.06.21 17:06:27.739 INFO  View.Log4J - Created a new 10x10 maze.
2023.06.21 17:06:33.905 INFO  View.Log4J - Created a new 10x10 maze.
2023.06.21 17:06:38.516 INFO  View.Log4J - Created a new 10x10 maze.
2023.06.21 17:06:41.944 INFO  View.Log4J - User requested solution.
2023.06.21 17:06:47.682 INFO  View.Log4J - User solved maze. High score: 22.
2023.06.21 17:06:55.530 INFO  View.Log4J - Program terminated by user
