2023.06.14 10:00:00.424 INFO  View.Log4J - Maze generating server connected via port 5400.
2023.06.14 10:00:00.427 INFO  View.Log4J - Maze solving server connected via port 5401.
2023.06.14 10:00:02.306 INFO  View.Log4J - Program terminated by user
2023.06.14 10:18:26.172 INFO  View.Log4J - Maze generating server connected via port 5400.
2023.06.14 10:18:26.175 INFO  View.Log4J - Maze solving server connected via port 5401.
2023.06.14 10:18:29.755 INFO  View.Log4J - Created a new 5x5 maze.
2023.06.14 10:18:41.718 INFO  View.Log4J - Program terminated by user
2023.06.14 11:20:43.237 INFO  View.Log4J - Maze generating server connected via port 5400.
2023.06.14 11:20:43.241 INFO  View.Log4J - Maze solving server connected via port 5401.
2023.06.14 11:20:47.451 INFO  View.Log4J - Created a new 5x5 maze.
2023.06.14 11:20:53.943 INFO  View.Log4J - Program terminated by user
2023.06.14 11:21:52.914 INFO  View.Log4J - Maze generating server connected via port 5400.
2023.06.14 11:21:52.917 INFO  View.Log4J - Maze solving server connected via port 5401.
2023.06.14 11:21:56.064 INFO  View.Log4J - Created a new 5x5 maze.
2023.06.14 11:21:56.182 WARN  View.Log4J - Unable to load image.
2023.06.14 11:22:02.263 INFO  View.Log4J - Program terminated by user
2023.06.14 11:24:57.128 INFO  View.Log4J - Maze generating server connected via port 5400.
2023.06.14 11:24:57.133 INFO  View.Log4J - Maze solving server connected via port 5401.
2023.06.14 11:25:00.489 INFO  View.Log4J - Created a new 5x5 maze.
2023.06.14 11:25:13.588 INFO  View.Log4J - Program terminated by user
2023.06.14 11:37:00.391 INFO  View.Log4J - Maze generating server connected via port 5400.
2023.06.14 11:37:00.395 INFO  View.Log4J - Maze solving server connected via port 5401.
2023.06.14 11:37:04.140 INFO  View.Log4J - Created a new 5x5 maze.
2023.06.14 11:37:24.265 INFO  View.Log4J - Program terminated by user
2023.06.14 11:40:43.889 INFO  View.Log4J - Maze generating server connected via port 5400.
2023.06.14 11:40:43.892 INFO  View.Log4J - Maze solving server connected via port 5401.
2023.06.14 11:40:46.864 INFO  View.Log4J - Created a new 5x5 maze.
2023.06.14 11:41:01.024 INFO  View.Log4J - Program terminated by user
2023.06.14 11:41:46.659 INFO  View.Log4J - Maze generating server connected via port 5400.
2023.06.14 11:41:46.663 INFO  View.Log4J - Maze solving server connected via port 5401.
2023.06.14 11:41:50.406 INFO  View.Log4J - Created a new 20x20 maze.
2023.06.14 11:42:00.046 INFO  View.Log4J - Created a new 10x10 maze.
2023.06.14 11:42:13.084 INFO  View.Log4J - Program terminated by user
2023.06.14 11:42:18.444 INFO  View.Log4J - Maze generating server connected via port 5400.
2023.06.14 11:42:18.448 INFO  View.Log4J - Maze solving server connected via port 5401.
2023.06.14 11:42:28.898 INFO  View.Log4J - Created a new 5x5 maze.
2023.06.14 11:42:32.507 INFO  View.Log4J - User solved maze. Highscore: 2.
2023.06.14 11:42:37.479 INFO  View.Log4J - Program terminated by user
2023.06.14 11:43:22.182 INFO  View.Log4J - Maze generating server connected via port 5400.
2023.06.14 11:43:22.189 INFO  View.Log4J - Maze solving server connected via port 5401.
2023.06.14 11:43:23.484 INFO  View.Log4J - Program terminated by user
2023.06.14 11:48:13.722 INFO  View.Log4J - Maze generating server connected via port 5400.
2023.06.14 11:48:13.725 INFO  View.Log4J - Maze solving server connected via port 5401.
2023.06.14 11:48:16.422 INFO  View.Log4J - Program terminated by user
2023.06.14 11:48:33.453 INFO  View.Log4J - Maze generating server connected via port 5400.
2023.06.14 11:48:33.456 INFO  View.Log4J - Maze solving server connected via port 5401.
2023.06.14 11:48:35.009 INFO  View.Log4J - Program terminated by user
2023.06.14 11:48:47.034 INFO  View.Log4J - Maze generating server connected via port 5400.
2023.06.14 11:48:47.039 INFO  View.Log4J - Maze solving server connected via port 5401.
2023.06.14 11:49:18.804 INFO  View.Log4J - Program terminated by user
2023.06.14 11:58:33.531 INFO  View.Log4J - Maze generating server connected via port 5400.
2023.06.14 11:58:33.534 INFO  View.Log4J - Maze solving server connected via port 5401.
2023.06.14 11:58:45.442 INFO  View.Log4J - Program terminated by user
2023.06.14 12:06:05.223 INFO  View.Log4J - Maze generating server connected via port 5400.
2023.06.14 12:06:05.226 INFO  View.Log4J - Maze solving server connected via port 5401.
2023.06.14 12:11:51.976 INFO  View.Log4J - Program terminated by user
2023.06.14 12:11:58.150 INFO  View.Log4J - Maze generating server connected via port 5400.
2023.06.14 12:11:58.156 INFO  View.Log4J - Maze solving server connected via port 5401.
2023.06.14 12:12:06.444 INFO  View.Log4J - Created a new 5x5 maze.
2023.06.14 12:12:11.141 INFO  View.Log4J - User solved maze. Highscore: 1.
2023.06.14 12:12:17.811 INFO  View.Log4J - Program terminated by user
2023.06.14 12:15:46.365 INFO  View.Log4J - Maze generating server connected via port 5400.
2023.06.14 12:15:46.369 INFO  View.Log4J - Maze solving server connected via port 5401.
2023.06.14 12:16:26.740 INFO  View.Log4J - SimpleMazeGenerator selected.
2023.06.14 12:16:44.638 INFO  View.Log4J - Program terminated by user
2023.06.15 11:39:42.966 INFO  View.Log4J - Maze generating server connected via port 5400.
2023.06.15 11:39:42.970 INFO  View.Log4J - Maze solving server connected via port 5401.
2023.06.15 11:39:49.698 INFO  View.Log4J - Created a new 5x5 maze.
2023.06.15 11:40:00.971 INFO  View.Log4J - User solved maze. Highscore: 13.
2023.06.15 11:40:08.306 INFO  View.Log4J - Program terminated by user
2023.06.15 11:48:21.611 INFO  View.Log4J - Maze generating server connected via port 5400.
2023.06.15 11:48:21.614 INFO  View.Log4J - Maze solving server connected via port 5401.
2023.06.15 11:48:25.250 INFO  View.Log4J - Created a new 5x5 maze.
2023.06.15 11:48:36.103 INFO  View.Log4J - User solved maze. Highscore: 18.
2023.06.15 11:48:56.361 INFO  View.Log4J - Created a new 5x5 maze.
2023.06.15 11:49:24.925 INFO  View.Log4J - Program terminated by user
2023.06.15 11:49:53.277 INFO  View.Log4J - Maze generating server connected via port 5400.
2023.06.15 11:49:53.279 INFO  View.Log4J - Maze solving server connected via port 5401.
2023.06.15 11:49:57.564 INFO  View.Log4J - Created a new 5x5 maze.
2023.06.15 11:50:07.113 INFO  View.Log4J - User solved maze. Highscore: 8.
2023.06.15 11:50:18.062 INFO  View.Log4J - Program terminated by user
2023.06.15 11:51:28.735 INFO  View.Log4J - Maze generating server connected via port 5400.
2023.06.15 11:51:28.738 INFO  View.Log4J - Maze solving server connected via port 5401.
2023.06.15 11:51:56.474 INFO  View.Log4J - Maze generating server connected via port 5400.
2023.06.15 11:51:56.478 INFO  View.Log4J - Maze solving server connected via port 5401.
2023.06.15 11:57:08.252 INFO  View.Log4J - Maze generating server connected via port 5400.
2023.06.15 11:57:08.255 INFO  View.Log4J - Maze solving server connected via port 5401.
2023.06.15 11:57:17.837 INFO  View.Log4J - Threadpool size changed.
2023.06.15 11:57:19.145 INFO  View.Log4J - Threadpool size changed.
2023.06.15 11:57:19.573 INFO  View.Log4J - Threadpool size changed.
2023.06.15 11:57:21.012 INFO  View.Log4J - SimpleMazeGenerator selected.
2023.06.15 11:57:21.885 INFO  View.Log4J - Threadpool size changed.
2023.06.15 11:57:25.644 INFO  View.Log4J - Threadpool size changed.
2023.06.15 11:57:26.196 INFO  View.Log4J - Threadpool size changed.
2023.06.15 11:57:26.504 INFO  View.Log4J - Threadpool size changed.
2023.06.15 11:57:27.800 INFO  View.Log4J - DepthFirstSearch selected.
2023.06.15 11:57:28.637 INFO  View.Log4J - Threadpool size changed.
2023.06.15 11:57:28.810 INFO  View.Log4J - Threadpool size changed.
2023.06.15 11:57:28.983 INFO  View.Log4J - Threadpool size changed.
2023.06.15 11:57:29.701 INFO  View.Log4J - BestFirstSearch selected.
2023.06.15 11:57:30.085 INFO  View.Log4J - Threadpool size changed.
2023.06.15 11:57:30.459 INFO  View.Log4J - Threadpool size changed.
2023.06.15 11:57:30.643 INFO  View.Log4J - Threadpool size changed.
2023.06.15 11:57:31.695 INFO  View.Log4J - Threadpool size changed.
2023.06.15 11:57:34.457 INFO  View.Log4J - Threadpool size changed.
2023.06.15 11:57:40.238 INFO  View.Log4J - Created a new 10x10 maze.
2023.06.15 11:57:43.875 INFO  View.Log4J - Threadpool size changed.
2023.06.15 11:57:47.143 INFO  View.Log4J - BreadthFirstSearch selected.
2023.06.15 11:57:47.655 INFO  View.Log4J - Threadpool size changed.
2023.06.15 11:57:48.175 INFO  View.Log4J - Threadpool size changed.
2023.06.15 11:57:49.561 INFO  View.Log4J - SimpleMazeGenerator selected.
2023.06.15 11:57:50.411 INFO  View.Log4J - Threadpool size changed.
2023.06.15 11:57:50.841 INFO  View.Log4J - Threadpool size changed.
2023.06.15 11:57:51.006 INFO  View.Log4J - Threadpool size changed.
2023.06.15 11:57:51.173 INFO  View.Log4J - Threadpool size changed.
2023.06.15 11:57:52.566 INFO  View.Log4J - Threadpool size changed.
2023.06.15 11:57:52.751 INFO  View.Log4J - Threadpool size changed.
2023.06.15 11:57:53.245 INFO  View.Log4J - BestFirstSearch selected.
2023.06.15 11:57:53.959 INFO  View.Log4J - DepthFirstSearch selected.
2023.06.15 11:57:54.689 INFO  View.Log4J - Threadpool size changed.
2023.06.15 11:57:54.982 INFO  View.Log4J - Threadpool size changed.
2023.06.15 11:57:55.573 INFO  View.Log4J - BestFirstSearch selected.
2023.06.15 11:57:55.926 INFO  View.Log4J - Threadpool size changed.
2023.06.15 11:58:08.412 INFO  View.Log4J - User solved maze. Highscore: 29.
2023.06.15 11:58:14.378 INFO  View.Log4J - Program terminated by user
2023.06.16 09:52:20.598 INFO  View.Log4J - Maze generating server connected via port 5400.
2023.06.16 09:52:20.603 INFO  View.Log4J - Maze solving server connected via port 5401.
2023.06.16 09:52:29.185 INFO  View.Log4J - Created a new 5x5 maze.
2023.06.16 09:52:37.015 INFO  View.Log4J - Program terminated by user
2023.06.16 12:46:11.267 INFO  View.Log4J - Maze generating server connected via port 5400.
2023.06.16 12:46:11.277 INFO  View.Log4J - Maze solving server connected via port 5401.
2023.06.16 12:46:54.922 INFO  View.Log4J - Created a new 10x10 maze.
2023.06.16 12:47:05.486 INFO  View.Log4J - User solved maze. Highscore: 11.
2023.06.16 12:47:13.485 INFO  View.Log4J - Program terminated by user
2023.06.16 17:19:42.893 INFO  View.Log4J - Maze generating server connected via port 5400.
2023.06.16 17:19:42.900 INFO  View.Log4J - Maze solving server connected via port 5401.
2023.06.16 17:19:51.302 INFO  View.Log4J - Created a new 7x8 maze.
2023.06.16 17:20:09.654 INFO  View.Log4J - User solved maze. Highscore: 37.
2023.06.16 17:20:30.433 INFO  View.Log4J - Created a new 8x5 maze.
2023.06.16 17:20:45.314 INFO  View.Log4J - Threadpool size changed.
2023.06.16 17:20:52.737 INFO  View.Log4J - Threadpool size changed.
2023.06.16 17:21:09.290 INFO  View.Log4J - Program terminated by user
2023.06.16 17:21:17.276 INFO  View.Log4J - Maze generating server connected via port 5400.
2023.06.16 17:21:17.281 INFO  View.Log4J - Maze solving server connected via port 5401.
2023.06.16 17:21:27.233 INFO  View.Log4J - BestFirstSearch selected.
2023.06.16 17:21:35.299 INFO  View.Log4J - SimpleMazeGenerator selected.
2023.06.16 17:21:43.069 INFO  View.Log4J - Threadpool size changed.
2023.06.16 17:21:50.903 INFO  View.Log4J - Created a new 10x10 maze.
2023.06.16 17:22:01.935 INFO  View.Log4J - User requested solution.
2023.06.16 17:22:33.979 INFO  View.Log4J - User requested solution.
2023.06.16 17:22:36.209 INFO  View.Log4J - User solved maze. Highscore: 3.
2023.06.16 17:22:47.323 INFO  View.Log4J - Program terminated by user
2023.06.16 17:22:54.894 INFO  View.Log4J - Maze generating server connected via port 5400.
2023.06.16 17:22:54.898 INFO  View.Log4J - Maze solving server connected via port 5401.
2023.06.16 17:23:16.751 INFO  View.Log4J - Created a new 20x20 maze.
2023.06.16 17:23:22.565 INFO  View.Log4J - BestFirstSearch selected.
2023.06.16 17:23:29.681 INFO  View.Log4J - Threadpool size changed.
2023.06.16 17:23:33.021 INFO  View.Log4J - User requested solution.
2023.06.16 17:24:06.235 INFO  View.Log4J - User requested solution.
2023.06.16 17:24:11.447 INFO  View.Log4J - User solved maze. Highscore: 4.
2023.06.16 17:24:20.085 INFO  View.Log4J - Created a new 10x10 maze.
2023.06.16 17:24:30.933 INFO  View.Log4J - Threadpool size changed.
2023.06.16 17:24:34.440 INFO  View.Log4J - User requested solution.
2023.06.16 17:24:58.317 INFO  View.Log4J - Created a new 10x10 maze.
2023.06.16 17:25:19.854 INFO  View.Log4J - User requested solution.
2023.06.16 17:25:30.286 INFO  View.Log4J - User solved maze. Highscore: 9.
2023.06.16 17:25:55.362 INFO  View.Log4J - Program terminated by user
2023.06.16 17:29:50.592 INFO  View.Log4J - Maze generating server connected via port 5400.
2023.06.16 17:29:50.599 INFO  View.Log4J - Maze solving server connected via port 5401.
2023.06.16 17:29:55.312 INFO  View.Log4J - DepthFirstSearch selected.
2023.06.16 17:29:57.118 INFO  View.Log4J - SimpleMazeGenerator selected.
2023.06.16 17:30:00.884 INFO  View.Log4J - Threadpool size changed.
2023.06.16 17:30:07.348 INFO  View.Log4J - Created a new 10x10 maze.
2023.06.16 17:30:11.000 INFO  View.Log4J - User requested solution.
2023.06.16 17:30:56.781 INFO  View.Log4J - Program terminated by user
2023.06.16 17:42:03.543 INFO  View.Log4J - Maze generating server connected via port 5400.
2023.06.16 17:42:03.556 INFO  View.Log4J - Maze solving server connected via port 5401.
2023.06.16 17:42:16.411 INFO  View.Log4J - DepthFirstSearch selected.
2023.06.16 17:42:19.382 INFO  View.Log4J - SimpleMazeGenerator selected.
2023.06.16 17:42:22.586 INFO  View.Log4J - Threadpool size changed.
2023.06.16 17:43:00.244 INFO  View.Log4J - Maze generating server connected via port 5400.
2023.06.16 17:43:00.251 INFO  View.Log4J - Maze solving server connected via port 5401.
2023.06.16 17:43:05.339 INFO  View.Log4J - Created a new 10x10 maze.
2023.06.16 17:43:07.394 INFO  View.Log4J - User requested solution.
2023.06.16 17:43:14.173 INFO  View.Log4J - Program terminated by user
2023.06.16 18:29:28.464 INFO  View.Log4J - Maze generating server connected via port 5400.
2023.06.16 18:29:28.470 INFO  View.Log4J - Maze solving server connected via port 5401.
2023.06.16 18:29:35.338 INFO  View.Log4J - Created a new 10x10 maze.
2023.06.16 18:29:35.562 WARN  View.Log4J - Unable to load image.
2023.06.16 18:30:02.517 INFO  View.Log4J - User requested solution.
2023.06.16 18:30:02.549 WARN  View.Log4J - Unable to load image.
2023.06.16 18:30:14.703 INFO  View.Log4J - Program terminated by user
2023.06.16 18:30:46.545 INFO  View.Log4J - Maze generating server connected via port 5400.
2023.06.16 18:30:46.549 INFO  View.Log4J - Maze solving server connected via port 5401.
2023.06.16 18:30:51.510 INFO  View.Log4J - Created a new 10x10 maze.
2023.06.16 18:31:04.316 INFO  View.Log4J - User requested solution.
2023.06.16 18:31:06.602 INFO  View.Log4J - Program terminated by user
2023.06.17 12:29:44.282 INFO  View.Log4J - Maze generating server connected via port 5400.
2023.06.17 12:29:44.289 INFO  View.Log4J - Maze solving server connected via port 5401.
2023.06.17 12:30:05.675 INFO  View.Log4J - Created a new 50x50 maze.
2023.06.17 12:30:31.953 INFO  View.Log4J - User requested solution.
2023.06.17 12:30:43.040 INFO  View.Log4J - BestFirstSearch selected.
2023.06.17 12:30:48.847 INFO  View.Log4J - Threadpool size changed.
2023.06.17 12:30:52.107 INFO  View.Log4J - User requested solution.
2023.06.17 12:30:57.794 INFO  View.Log4J - Program terminated by user
2023.06.17 12:31:04.283 INFO  View.Log4J - Maze generating server connected via port 5400.
2023.06.17 12:31:04.286 INFO  View.Log4J - Maze solving server connected via port 5401.
2023.06.17 12:31:12.971 INFO  View.Log4J - Created a new 50x50 maze.
2023.06.17 12:31:25.260 INFO  View.Log4J - BestFirstSearch selected.
2023.06.17 12:31:30.700 INFO  View.Log4J - Threadpool size changed.
2023.06.17 12:31:35.655 INFO  View.Log4J - User requested solution.
2023.06.17 12:31:47.391 INFO  View.Log4J - User requested solution.
2023.06.17 12:31:57.670 INFO  View.Log4J - User requested solution.
2023.06.17 12:32:03.605 INFO  View.Log4J - User requested solution.
2023.06.17 12:32:17.464 INFO  View.Log4J - Program terminated by user
2023.06.17 12:32:24.001 INFO  View.Log4J - Maze generating server connected via port 5400.
2023.06.17 12:32:24.006 INFO  View.Log4J - Maze solving server connected via port 5401.
2023.06.17 12:32:31.651 INFO  View.Log4J - Created a new 20x20 maze.
2023.06.17 12:32:34.788 INFO  View.Log4J - User requested solution.
2023.06.17 12:32:45.371 INFO  View.Log4J - Program terminated by user
2023.06.17 12:56:06.752 INFO  View.Log4J - Maze generating server connected via port 5400.
2023.06.17 12:56:06.757 INFO  View.Log4J - Maze solving server connected via port 5401.
2023.06.17 12:56:13.077 INFO  View.Log4J - Created a new 20x20 maze.
2023.06.17 12:56:18.517 INFO  View.Log4J - User requested solution.
2023.06.17 12:56:22.636 INFO  View.Log4J - Program terminated by user
2023.06.17 12:56:29.282 INFO  View.Log4J - Maze generating server connected via port 5400.
2023.06.17 12:56:29.287 INFO  View.Log4J - Maze solving server connected via port 5401.
2023.06.17 12:56:33.545 INFO  View.Log4J - Created a new 10x10 maze.
2023.06.17 12:56:39.670 INFO  View.Log4J - Created a new 10x10 maze.
2023.06.17 12:56:42.298 INFO  View.Log4J - User requested solution.
2023.06.17 12:56:49.075 INFO  View.Log4J - Created a new 20x20 maze.
2023.06.17 12:56:52.049 INFO  View.Log4J - User requested solution.
2023.06.17 12:57:01.597 INFO  View.Log4J - Created a new 20x20 maze.
2023.06.17 12:57:04.660 INFO  View.Log4J - BestFirstSearch selected.
2023.06.17 12:57:06.500 INFO  View.Log4J - SimpleMazeGenerator selected.
2023.06.17 12:57:09.109 INFO  View.Log4J - Threadpool size changed.
2023.06.17 12:57:11.560 INFO  View.Log4J - User requested solution.
2023.06.17 12:57:14.078 INFO  View.Log4J - Program terminated by user
2023.06.17 13:12:35.301 INFO  View.Log4J - Maze generating server connected via port 5400.
2023.06.17 13:12:35.305 INFO  View.Log4J - Maze solving server connected via port 5401.
2023.06.17 13:12:43.414 INFO  View.Log4J - Created a new 20x20 maze.
2023.06.17 13:12:50.604 INFO  View.Log4J - User requested solution.
2023.06.17 13:12:56.933 INFO  View.Log4J - Created a new 10x10 maze.
2023.06.17 13:12:59.353 INFO  View.Log4J - User requested solution.
2023.06.17 13:13:03.438 INFO  View.Log4J - Created a new 10x10 maze.
2023.06.17 13:13:05.460 INFO  View.Log4J - User requested solution.
2023.06.17 13:13:09.315 INFO  View.Log4J - Created a new 20x20 maze.
2023.06.17 13:13:10.763 INFO  View.Log4J - User requested solution.
2023.06.17 13:13:18.722 INFO  View.Log4J - Program terminated by user
2023.06.17 13:14:01.254 INFO  View.Log4J - Maze generating server connected via port 5400.
2023.06.17 13:14:01.258 INFO  View.Log4J - Maze solving server connected via port 5401.
2023.06.17 13:14:05.211 INFO  View.Log4J - Created a new 20x20 maze.
2023.06.17 13:14:07.092 INFO  View.Log4J - User requested solution.
2023.06.17 13:14:14.779 INFO  View.Log4J - Program terminated by user
2023.06.17 13:47:00.076 INFO  View.Log4J - Maze generating server connected via port 5400.
2023.06.17 13:47:00.082 INFO  View.Log4J - Maze solving server connected via port 5401.
2023.06.17 13:47:47.817 INFO  View.Log4J - Maze generating server connected via port 5400.
2023.06.17 13:47:47.820 INFO  View.Log4J - Maze solving server connected via port 5401.
2023.06.17 13:47:50.949 INFO  View.Log4J - Created a new 20x20 maze.
2023.06.17 13:47:53.630 INFO  View.Log4J - User requested solution.
2023.06.17 13:47:56.642 INFO  View.Log4J - Program terminated by user
2023.06.17 16:41:22.695 INFO  View.Log4J - Maze generating server connected via port 5400.
2023.06.17 16:41:22.702 INFO  View.Log4J - Maze solving server connected via port 5401.
2023.06.17 16:41:25.852 INFO  View.Log4J - Created a new 20x20 maze.
2023.06.17 16:41:28.765 INFO  View.Log4J - User requested solution.
2023.06.17 16:41:36.416 INFO  View.Log4J - Program terminated by user
